INFO - 2023-12-17 06:37:02 --> Session: Class initialized using 'CodeIgniter\Session\Handlers\FileHandler' driver.
INFO - 2023-12-17 06:37:09 --> Session: Class initialized using 'CodeIgniter\Session\Handlers\FileHandler' driver.
INFO - 2023-12-17 06:37:10 --> Session: Class initialized using 'CodeIgniter\Session\Handlers\FileHandler' driver.
INFO - 2023-12-17 06:41:03 --> Session: Class initialized using 'CodeIgniter\Session\Handlers\FileHandler' driver.
INFO - 2023-12-17 06:41:10 --> Session: Class initialized using 'CodeIgniter\Session\Handlers\FileHandler' driver.
INFO - 2023-12-17 06:41:17 --> Session: Class initialized using 'CodeIgniter\Session\Handlers\FileHandler' driver.
CRITICAL - 2023-12-17 07:00:08 --> syntax error, unexpected token "{", expecting "("
in APPPATH\Controllers\Barang.php on line 56.
 1 SYSTEMPATH\Router\Router.php(514): CodeIgniter\Router\AutoRouter->getRoute('barang', 'get')
 2 SYSTEMPATH\Router\Router.php(210): CodeIgniter\Router\Router->autoRoute('barang')
 3 SYSTEMPATH\CodeIgniter.php(823): CodeIgniter\Router\Router->handle('barang')
 4 SYSTEMPATH\CodeIgniter.php(450): CodeIgniter\CodeIgniter->tryToRouteIt(Object(CodeIgniter\Router\RouteCollection))
 5 SYSTEMPATH\CodeIgniter.php(361): CodeIgniter\CodeIgniter->handleRequest(null, Object(Config\Cache), false)
 6 FCPATH\index.php(79): CodeIgniter\CodeIgniter->run()
CRITICAL - 2023-12-17 07:04:54 --> syntax error, unexpected token "[", expecting "("
in APPPATH\Controllers\Barang.php on line 55.
 1 SYSTEMPATH\Router\Router.php(514): CodeIgniter\Router\AutoRouter->getRoute('barang', 'get')
 2 SYSTEMPATH\Router\Router.php(210): CodeIgniter\Router\Router->autoRoute('barang')
 3 SYSTEMPATH\CodeIgniter.php(823): CodeIgniter\Router\Router->handle('barang')
 4 SYSTEMPATH\CodeIgniter.php(450): CodeIgniter\CodeIgniter->tryToRouteIt(Object(CodeIgniter\Router\RouteCollection))
 5 SYSTEMPATH\CodeIgniter.php(361): CodeIgniter\CodeIgniter->handleRequest(null, Object(Config\Cache), false)
 6 FCPATH\index.php(79): CodeIgniter\CodeIgniter->run()
INFO - 2023-12-17 07:05:59 --> Session: Class initialized using 'CodeIgniter\Session\Handlers\FileHandler' driver.
CRITICAL - 2023-12-17 07:06:03 --> Invalid file: "barang/edit.php"
in SYSTEMPATH\Exceptions\FrameworkException.php on line 39.
 1 SYSTEMPATH\View\View.php(216): CodeIgniter\Exceptions\FrameworkException::forInvalidFile('barang/edit.php')
 2 SYSTEMPATH\Common.php(1190): CodeIgniter\View\View->render('barang/edit', [], true)
 3 APPPATH\Controllers\Barang.php(61): view('barang/edit', [...])
 4 SYSTEMPATH\CodeIgniter.php(942): App\Controllers\Barang->edit('<')
 5 SYSTEMPATH\CodeIgniter.php(502): CodeIgniter\CodeIgniter->runController(Object(App\Controllers\Barang))
 6 SYSTEMPATH\CodeIgniter.php(361): CodeIgniter\CodeIgniter->handleRequest(null, Object(Config\Cache), false)
 7 FCPATH\index.php(79): CodeIgniter\CodeIgniter->run()
CRITICAL - 2023-12-17 07:09:56 --> Invalid file: "barang/edit.php"
in SYSTEMPATH\Exceptions\FrameworkException.php on line 39.
 1 SYSTEMPATH\View\View.php(216): CodeIgniter\Exceptions\FrameworkException::forInvalidFile('barang/edit.php')
 2 SYSTEMPATH\Common.php(1190): CodeIgniter\View\View->render('barang/edit', [], true)
 3 APPPATH\Controllers\Barang.php(61): view('barang/edit', [...])
 4 SYSTEMPATH\CodeIgniter.php(942): App\Controllers\Barang->edit('<')
 5 SYSTEMPATH\CodeIgniter.php(502): CodeIgniter\CodeIgniter->runController(Object(App\Controllers\Barang))
 6 SYSTEMPATH\CodeIgniter.php(361): CodeIgniter\CodeIgniter->handleRequest(null, Object(Config\Cache), false)
 7 FCPATH\index.php(79): CodeIgniter\CodeIgniter->run()
CRITICAL - 2023-12-17 07:09:58 --> Invalid file: "barang/edit.php"
in SYSTEMPATH\Exceptions\FrameworkException.php on line 39.
 1 SYSTEMPATH\View\View.php(216): CodeIgniter\Exceptions\FrameworkException::forInvalidFile('barang/edit.php')
 2 SYSTEMPATH\Common.php(1190): CodeIgniter\View\View->render('barang/edit', [], true)
 3 APPPATH\Controllers\Barang.php(61): view('barang/edit', [...])
 4 SYSTEMPATH\CodeIgniter.php(942): App\Controllers\Barang->edit('<')
 5 SYSTEMPATH\CodeIgniter.php(502): CodeIgniter\CodeIgniter->runController(Object(App\Controllers\Barang))
 6 SYSTEMPATH\CodeIgniter.php(361): CodeIgniter\CodeIgniter->handleRequest(null, Object(Config\Cache), false)
 7 FCPATH\index.php(79): CodeIgniter\CodeIgniter->run()
CRITICAL - 2023-12-17 07:09:59 --> Invalid file: "barang/edit.php"
in SYSTEMPATH\Exceptions\FrameworkException.php on line 39.
 1 SYSTEMPATH\View\View.php(216): CodeIgniter\Exceptions\FrameworkException::forInvalidFile('barang/edit.php')
 2 SYSTEMPATH\Common.php(1190): CodeIgniter\View\View->render('barang/edit', [], true)
 3 APPPATH\Controllers\Barang.php(61): view('barang/edit', [...])
 4 SYSTEMPATH\CodeIgniter.php(942): App\Controllers\Barang->edit('<')
 5 SYSTEMPATH\CodeIgniter.php(502): CodeIgniter\CodeIgniter->runController(Object(App\Controllers\Barang))
 6 SYSTEMPATH\CodeIgniter.php(361): CodeIgniter\CodeIgniter->handleRequest(null, Object(Config\Cache), false)
 7 FCPATH\index.php(79): CodeIgniter\CodeIgniter->run()
INFO - 2023-12-17 07:10:19 --> Session: Class initialized using 'CodeIgniter\Session\Handlers\FileHandler' driver.
CRITICAL - 2023-12-17 07:10:23 --> Invalid file: "barang/edit.php"
in SYSTEMPATH\Exceptions\FrameworkException.php on line 39.
 1 SYSTEMPATH\View\View.php(216): CodeIgniter\Exceptions\FrameworkException::forInvalidFile('barang/edit.php')
 2 SYSTEMPATH\Common.php(1190): CodeIgniter\View\View->render('barang/edit', [], true)
 3 APPPATH\Controllers\Barang.php(61): view('barang/edit', [...])
 4 SYSTEMPATH\CodeIgniter.php(942): App\Controllers\Barang->edit('<')
 5 SYSTEMPATH\CodeIgniter.php(502): CodeIgniter\CodeIgniter->runController(Object(App\Controllers\Barang))
 6 SYSTEMPATH\CodeIgniter.php(361): CodeIgniter\CodeIgniter->handleRequest(null, Object(Config\Cache), false)
 7 FCPATH\index.php(79): CodeIgniter\CodeIgniter->run()
CRITICAL - 2023-12-17 07:10:53 --> Invalid file: "barang/edit.php"
in SYSTEMPATH\Exceptions\FrameworkException.php on line 39.
 1 SYSTEMPATH\View\View.php(216): CodeIgniter\Exceptions\FrameworkException::forInvalidFile('barang/edit.php')
 2 SYSTEMPATH\Common.php(1190): CodeIgniter\View\View->render('barang/edit', [], true)
 3 APPPATH\Controllers\Barang.php(61): view('barang/edit', [...])
 4 SYSTEMPATH\CodeIgniter.php(942): App\Controllers\Barang->edit('<')
 5 SYSTEMPATH\CodeIgniter.php(502): CodeIgniter\CodeIgniter->runController(Object(App\Controllers\Barang))
 6 SYSTEMPATH\CodeIgniter.php(361): CodeIgniter\CodeIgniter->handleRequest(null, Object(Config\Cache), false)
 7 FCPATH\index.php(79): CodeIgniter\CodeIgniter->run()
CRITICAL - 2023-12-17 07:10:54 --> Invalid file: "barang/edit.php"
in SYSTEMPATH\Exceptions\FrameworkException.php on line 39.
 1 SYSTEMPATH\View\View.php(216): CodeIgniter\Exceptions\FrameworkException::forInvalidFile('barang/edit.php')
 2 SYSTEMPATH\Common.php(1190): CodeIgniter\View\View->render('barang/edit', [], true)
 3 APPPATH\Controllers\Barang.php(61): view('barang/edit', [...])
 4 SYSTEMPATH\CodeIgniter.php(942): App\Controllers\Barang->edit('<')
 5 SYSTEMPATH\CodeIgniter.php(502): CodeIgniter\CodeIgniter->runController(Object(App\Controllers\Barang))
 6 SYSTEMPATH\CodeIgniter.php(361): CodeIgniter\CodeIgniter->handleRequest(null, Object(Config\Cache), false)
 7 FCPATH\index.php(79): CodeIgniter\CodeIgniter->run()
CRITICAL - 2023-12-17 07:12:26 --> Invalid file: "barang/edit.php"
in SYSTEMPATH\Exceptions\FrameworkException.php on line 39.
 1 SYSTEMPATH\View\View.php(216): CodeIgniter\Exceptions\FrameworkException::forInvalidFile('barang/edit.php')
 2 SYSTEMPATH\Common.php(1190): CodeIgniter\View\View->render('barang/edit', [], true)
 3 APPPATH\Controllers\Barang.php(61): view('barang/edit', [...])
 4 SYSTEMPATH\CodeIgniter.php(942): App\Controllers\Barang->edit('<')
 5 SYSTEMPATH\CodeIgniter.php(502): CodeIgniter\CodeIgniter->runController(Object(App\Controllers\Barang))
 6 SYSTEMPATH\CodeIgniter.php(361): CodeIgniter\CodeIgniter->handleRequest(null, Object(Config\Cache), false)
 7 FCPATH\index.php(79): CodeIgniter\CodeIgniter->run()
CRITICAL - 2023-12-17 07:12:28 --> Invalid file: "barang/edit.php"
in SYSTEMPATH\Exceptions\FrameworkException.php on line 39.
 1 SYSTEMPATH\View\View.php(216): CodeIgniter\Exceptions\FrameworkException::forInvalidFile('barang/edit.php')
 2 SYSTEMPATH\Common.php(1190): CodeIgniter\View\View->render('barang/edit', [], true)
 3 APPPATH\Controllers\Barang.php(61): view('barang/edit', [...])
 4 SYSTEMPATH\CodeIgniter.php(942): App\Controllers\Barang->edit('<')
 5 SYSTEMPATH\CodeIgniter.php(502): CodeIgniter\CodeIgniter->runController(Object(App\Controllers\Barang))
 6 SYSTEMPATH\CodeIgniter.php(361): CodeIgniter\CodeIgniter->handleRequest(null, Object(Config\Cache), false)
 7 FCPATH\index.php(79): CodeIgniter\CodeIgniter->run()
CRITICAL - 2023-12-17 07:12:29 --> Invalid file: "barang/edit.php"
in SYSTEMPATH\Exceptions\FrameworkException.php on line 39.
 1 SYSTEMPATH\View\View.php(216): CodeIgniter\Exceptions\FrameworkException::forInvalidFile('barang/edit.php')
 2 SYSTEMPATH\Common.php(1190): CodeIgniter\View\View->render('barang/edit', [], true)
 3 APPPATH\Controllers\Barang.php(61): view('barang/edit', [...])
 4 SYSTEMPATH\CodeIgniter.php(942): App\Controllers\Barang->edit('<')
 5 SYSTEMPATH\CodeIgniter.php(502): CodeIgniter\CodeIgniter->runController(Object(App\Controllers\Barang))
 6 SYSTEMPATH\CodeIgniter.php(361): CodeIgniter\CodeIgniter->handleRequest(null, Object(Config\Cache), false)
 7 FCPATH\index.php(79): CodeIgniter\CodeIgniter->run()
CRITICAL - 2023-12-17 07:12:30 --> Invalid file: "barang/edit.php"
in SYSTEMPATH\Exceptions\FrameworkException.php on line 39.
 1 SYSTEMPATH\View\View.php(216): CodeIgniter\Exceptions\FrameworkException::forInvalidFile('barang/edit.php')
 2 SYSTEMPATH\Common.php(1190): CodeIgniter\View\View->render('barang/edit', [], true)
 3 APPPATH\Controllers\Barang.php(61): view('barang/edit', [...])
 4 SYSTEMPATH\CodeIgniter.php(942): App\Controllers\Barang->edit('<')
 5 SYSTEMPATH\CodeIgniter.php(502): CodeIgniter\CodeIgniter->runController(Object(App\Controllers\Barang))
 6 SYSTEMPATH\CodeIgniter.php(361): CodeIgniter\CodeIgniter->handleRequest(null, Object(Config\Cache), false)
 7 FCPATH\index.php(79): CodeIgniter\CodeIgniter->run()
CRITICAL - 2023-12-17 07:15:01 --> Call to undefined method App\Models\BarangModel::Edit
in SYSTEMPATH\Model.php on line 873.
 1 APPPATH\Controllers\Barang.php(57): CodeIgniter\Model->__call('Edit', [...])
 2 SYSTEMPATH\CodeIgniter.php(942): App\Controllers\Barang->edit('<')
 3 SYSTEMPATH\CodeIgniter.php(502): CodeIgniter\CodeIgniter->runController(Object(App\Controllers\Barang))
 4 SYSTEMPATH\CodeIgniter.php(361): CodeIgniter\CodeIgniter->handleRequest(null, Object(Config\Cache), false)
 5 FCPATH\index.php(79): CodeIgniter\CodeIgniter->run()
INFO - 2023-12-17 07:16:56 --> Session: Class initialized using 'CodeIgniter\Session\Handlers\FileHandler' driver.
INFO - 2023-12-17 07:18:23 --> Session: Class initialized using 'CodeIgniter\Session\Handlers\FileHandler' driver.
CRITICAL - 2023-12-17 07:18:32 --> Call to undefined method App\Models\BarangModel::Edit
in SYSTEMPATH\Model.php on line 873.
 1 APPPATH\Controllers\Barang.php(57): CodeIgniter\Model->__call('Edit', [...])
 2 SYSTEMPATH\CodeIgniter.php(942): App\Controllers\Barang->edit('0')
 3 SYSTEMPATH\CodeIgniter.php(502): CodeIgniter\CodeIgniter->runController(Object(App\Controllers\Barang))
 4 SYSTEMPATH\CodeIgniter.php(361): CodeIgniter\CodeIgniter->handleRequest(null, Object(Config\Cache), false)
 5 FCPATH\index.php(79): CodeIgniter\CodeIgniter->run()
CRITICAL - 2023-12-17 07:20:15 --> Call to undefined method App\Models\BarangModel::Edit
in SYSTEMPATH\Model.php on line 873.
 1 APPPATH\Controllers\Barang.php(57): CodeIgniter\Model->__call('Edit', [...])
 2 SYSTEMPATH\CodeIgniter.php(942): App\Controllers\Barang->edit('0')
 3 SYSTEMPATH\CodeIgniter.php(502): CodeIgniter\CodeIgniter->runController(Object(App\Controllers\Barang))
 4 SYSTEMPATH\CodeIgniter.php(361): CodeIgniter\CodeIgniter->handleRequest(null, Object(Config\Cache), false)
 5 FCPATH\index.php(79): CodeIgniter\CodeIgniter->run()
CRITICAL - 2023-12-17 07:20:21 --> Call to undefined method App\Models\BarangModel::Edit
in SYSTEMPATH\Model.php on line 873.
 1 APPPATH\Controllers\Barang.php(57): CodeIgniter\Model->__call('Edit', [...])
 2 SYSTEMPATH\CodeIgniter.php(942): App\Controllers\Barang->edit('0')
 3 SYSTEMPATH\CodeIgniter.php(502): CodeIgniter\CodeIgniter->runController(Object(App\Controllers\Barang))
 4 SYSTEMPATH\CodeIgniter.php(361): CodeIgniter\CodeIgniter->handleRequest(null, Object(Config\Cache), false)
 5 FCPATH\index.php(79): CodeIgniter\CodeIgniter->run()
INFO - 2023-12-17 07:20:25 --> Session: Class initialized using 'CodeIgniter\Session\Handlers\FileHandler' driver.
CRITICAL - 2023-12-17 07:20:38 --> Call to undefined method App\Models\BarangModel::Edit
in SYSTEMPATH\Model.php on line 873.
 1 APPPATH\Controllers\Barang.php(57): CodeIgniter\Model->__call('Edit', [...])
 2 SYSTEMPATH\CodeIgniter.php(942): App\Controllers\Barang->edit('0')
 3 SYSTEMPATH\CodeIgniter.php(502): CodeIgniter\CodeIgniter->runController(Object(App\Controllers\Barang))
 4 SYSTEMPATH\CodeIgniter.php(361): CodeIgniter\CodeIgniter->handleRequest(null, Object(Config\Cache), false)
 5 FCPATH\index.php(79): CodeIgniter\CodeIgniter->run()
INFO - 2023-12-17 07:20:56 --> Session: Class initialized using 'CodeIgniter\Session\Handlers\FileHandler' driver.
CRITICAL - 2023-12-17 07:21:00 --> Deletes are not allowed unless they contain a "where" or "like" clause.
in SYSTEMPATH\Database\BaseBuilder.php on line 2766.
 1 SYSTEMPATH\Model.php(445): CodeIgniter\Database\BaseBuilder->delete()
 2 SYSTEMPATH\BaseModel.php(1080): CodeIgniter\Model->doDelete('0', false)
 3 APPPATH\Controllers\Barang.php(49): CodeIgniter\BaseModel->delete('0')
 4 SYSTEMPATH\CodeIgniter.php(942): App\Controllers\Barang->delete('0')
 5 SYSTEMPATH\CodeIgniter.php(502): CodeIgniter\CodeIgniter->runController(Object(App\Controllers\Barang))
 6 SYSTEMPATH\CodeIgniter.php(361): CodeIgniter\CodeIgniter->handleRequest(null, Object(Config\Cache), false)
 7 FCPATH\index.php(79): CodeIgniter\CodeIgniter->run()
CRITICAL - 2023-12-17 07:22:17 --> Deletes are not allowed unless they contain a "where" or "like" clause.
in SYSTEMPATH\Database\BaseBuilder.php on line 2766.
 1 SYSTEMPATH\Model.php(445): CodeIgniter\Database\BaseBuilder->delete()
 2 SYSTEMPATH\BaseModel.php(1080): CodeIgniter\Model->doDelete('0', false)
 3 APPPATH\Controllers\Barang.php(49): CodeIgniter\BaseModel->delete('0')
 4 SYSTEMPATH\CodeIgniter.php(942): App\Controllers\Barang->delete('0')
 5 SYSTEMPATH\CodeIgniter.php(502): CodeIgniter\CodeIgniter->runController(Object(App\Controllers\Barang))
 6 SYSTEMPATH\CodeIgniter.php(361): CodeIgniter\CodeIgniter->handleRequest(null, Object(Config\Cache), false)
 7 FCPATH\index.php(79): CodeIgniter\CodeIgniter->run()
INFO - 2023-12-17 07:22:22 --> Session: Class initialized using 'CodeIgniter\Session\Handlers\FileHandler' driver.
CRITICAL - 2023-12-17 07:22:30 --> Deletes are not allowed unless they contain a "where" or "like" clause.
in SYSTEMPATH\Database\BaseBuilder.php on line 2766.
 1 SYSTEMPATH\Model.php(445): CodeIgniter\Database\BaseBuilder->delete()
 2 SYSTEMPATH\BaseModel.php(1080): CodeIgniter\Model->doDelete('0', false)
 3 APPPATH\Controllers\Barang.php(49): CodeIgniter\BaseModel->delete('0')
 4 SYSTEMPATH\CodeIgniter.php(942): App\Controllers\Barang->delete('0')
 5 SYSTEMPATH\CodeIgniter.php(502): CodeIgniter\CodeIgniter->runController(Object(App\Controllers\Barang))
 6 SYSTEMPATH\CodeIgniter.php(361): CodeIgniter\CodeIgniter->handleRequest(null, Object(Config\Cache), false)
 7 FCPATH\index.php(79): CodeIgniter\CodeIgniter->run()
INFO - 2023-12-17 07:23:42 --> Session: Class initialized using 'CodeIgniter\Session\Handlers\FileHandler' driver.
CRITICAL - 2023-12-17 07:23:50 --> Deletes are not allowed unless they contain a "where" or "like" clause.
in SYSTEMPATH\Database\BaseBuilder.php on line 2766.
 1 SYSTEMPATH\Model.php(445): CodeIgniter\Database\BaseBuilder->delete()
 2 SYSTEMPATH\BaseModel.php(1080): CodeIgniter\Model->doDelete('0', false)
 3 APPPATH\Controllers\Barang.php(49): CodeIgniter\BaseModel->delete('0')
 4 SYSTEMPATH\CodeIgniter.php(942): App\Controllers\Barang->delete('0')
 5 SYSTEMPATH\CodeIgniter.php(502): CodeIgniter\CodeIgniter->runController(Object(App\Controllers\Barang))
 6 SYSTEMPATH\CodeIgniter.php(361): CodeIgniter\CodeIgniter->handleRequest(null, Object(Config\Cache), false)
 7 FCPATH\index.php(79): CodeIgniter\CodeIgniter->run()
CRITICAL - 2023-12-17 07:25:15 --> Deletes are not allowed unless they contain a "where" or "like" clause.
in SYSTEMPATH\Database\BaseBuilder.php on line 2766.
 1 SYSTEMPATH\Model.php(445): CodeIgniter\Database\BaseBuilder->delete()
 2 SYSTEMPATH\BaseModel.php(1080): CodeIgniter\Model->doDelete('0', false)
 3 APPPATH\Controllers\Barang.php(49): CodeIgniter\BaseModel->delete('0')
 4 SYSTEMPATH\CodeIgniter.php(942): App\Controllers\Barang->delete('0')
 5 SYSTEMPATH\CodeIgniter.php(502): CodeIgniter\CodeIgniter->runController(Object(App\Controllers\Barang))
 6 SYSTEMPATH\CodeIgniter.php(361): CodeIgniter\CodeIgniter->handleRequest(null, Object(Config\Cache), false)
 7 FCPATH\index.php(79): CodeIgniter\CodeIgniter->run()
INFO - 2023-12-17 07:26:06 --> Session: Class initialized using 'CodeIgniter\Session\Handlers\FileHandler' driver.
CRITICAL - 2023-12-17 07:26:18 --> Deletes are not allowed unless they contain a "where" or "like" clause.
in SYSTEMPATH\Database\BaseBuilder.php on line 2766.
 1 SYSTEMPATH\Model.php(445): CodeIgniter\Database\BaseBuilder->delete()
 2 SYSTEMPATH\BaseModel.php(1080): CodeIgniter\Model->doDelete('0', false)
 3 APPPATH\Controllers\Barang.php(49): CodeIgniter\BaseModel->delete('0')
 4 SYSTEMPATH\CodeIgniter.php(942): App\Controllers\Barang->delete('0')
 5 SYSTEMPATH\CodeIgniter.php(502): CodeIgniter\CodeIgniter->runController(Object(App\Controllers\Barang))
 6 SYSTEMPATH\CodeIgniter.php(361): CodeIgniter\CodeIgniter->handleRequest(null, Object(Config\Cache), false)
 7 FCPATH\index.php(79): CodeIgniter\CodeIgniter->run()
CRITICAL - 2023-12-17 07:29:57 --> Deletes are not allowed unless they contain a "where" or "like" clause.
in SYSTEMPATH\Database\BaseBuilder.php on line 2766.
 1 SYSTEMPATH\Model.php(445): CodeIgniter\Database\BaseBuilder->delete()
 2 SYSTEMPATH\BaseModel.php(1080): CodeIgniter\Model->doDelete('0', false)
 3 APPPATH\Controllers\Barang.php(49): CodeIgniter\BaseModel->delete('0')
 4 SYSTEMPATH\CodeIgniter.php(942): App\Controllers\Barang->delete('0')
 5 SYSTEMPATH\CodeIgniter.php(502): CodeIgniter\CodeIgniter->runController(Object(App\Controllers\Barang))
 6 SYSTEMPATH\CodeIgniter.php(361): CodeIgniter\CodeIgniter->handleRequest(null, Object(Config\Cache), false)
 7 FCPATH\index.php(79): CodeIgniter\CodeIgniter->run()
INFO - 2023-12-17 07:44:50 --> Session: Class initialized using 'CodeIgniter\Session\Handlers\FileHandler' driver.
INFO - 2023-12-17 07:45:04 --> Session: Class initialized using 'CodeIgniter\Session\Handlers\FileHandler' driver.
INFO - 2023-12-17 07:45:05 --> Session: Class initialized using 'CodeIgniter\Session\Handlers\FileHandler' driver.
INFO - 2023-12-17 07:50:31 --> Session: Class initialized using 'CodeIgniter\Session\Handlers\FileHandler' driver.
INFO - 2023-12-17 07:50:35 --> Session: Class initialized using 'CodeIgniter\Session\Handlers\FileHandler' driver.
INFO - 2023-12-17 07:50:35 --> Session: Class initialized using 'CodeIgniter\Session\Handlers\FileHandler' driver.
CRITICAL - 2023-12-17 07:51:52 --> Call to undefined method App\Models\BarangModel::edit
in SYSTEMPATH\Model.php on line 873.
 1 APPPATH\Controllers\Barang.php(56): CodeIgniter\Model->__call('edit', [...])
 2 SYSTEMPATH\CodeIgniter.php(942): App\Controllers\Barang->edit('4')
 3 SYSTEMPATH\CodeIgniter.php(502): CodeIgniter\CodeIgniter->runController(Object(App\Controllers\Barang))
 4 SYSTEMPATH\CodeIgniter.php(361): CodeIgniter\CodeIgniter->handleRequest(null, Object(Config\Cache), false)
 5 FCPATH\index.php(79): CodeIgniter\CodeIgniter->run()
INFO - 2023-12-17 07:57:22 --> Session: Class initialized using 'CodeIgniter\Session\Handlers\FileHandler' driver.
CRITICAL - 2023-12-17 07:57:30 --> Call to undefined method App\Models\BarangModel::edit
in SYSTEMPATH\Model.php on line 873.
 1 APPPATH\Controllers\Barang.php(56): CodeIgniter\Model->__call('edit', [...])
 2 SYSTEMPATH\CodeIgniter.php(942): App\Controllers\Barang->edit('4')
 3 SYSTEMPATH\CodeIgniter.php(502): CodeIgniter\CodeIgniter->runController(Object(App\Controllers\Barang))
 4 SYSTEMPATH\CodeIgniter.php(361): CodeIgniter\CodeIgniter->handleRequest(null, Object(Config\Cache), false)
 5 FCPATH\index.php(79): CodeIgniter\CodeIgniter->run()
INFO - 2023-12-17 08:02:07 --> Session: Class initialized using 'CodeIgniter\Session\Handlers\FileHandler' driver.
INFO - 2023-12-17 08:02:10 --> Session: Class initialized using 'CodeIgniter\Session\Handlers\FileHandler' driver.
CRITICAL - 2023-12-17 08:02:15 --> Call to undefined method App\Models\BarangModel::edit
in SYSTEMPATH\Model.php on line 873.
 1 APPPATH\Controllers\Barang.php(56): CodeIgniter\Model->__call('edit', [...])
 2 SYSTEMPATH\CodeIgniter.php(942): App\Controllers\Barang->edit('4')
 3 SYSTEMPATH\CodeIgniter.php(502): CodeIgniter\CodeIgniter->runController(Object(App\Controllers\Barang))
 4 SYSTEMPATH\CodeIgniter.php(361): CodeIgniter\CodeIgniter->handleRequest(null, Object(Config\Cache), false)
 5 FCPATH\index.php(79): CodeIgniter\CodeIgniter->run()
CRITICAL - 2023-12-17 08:05:40 --> syntax error, unexpected token ","
in APPPATH\Models\BarangModel.php on line 24.
 1 SYSTEMPATH\Autoloader\Autoloader.php(291): CodeIgniter\Autoloader\Autoloader->includeFile('C:\\laragon\\www\\cafe-ci4\\app\\Models\\BarangModel.php')
 2 SYSTEMPATH\Autoloader\Autoloader.php(269): CodeIgniter\Autoloader\Autoloader->loadInNamespace('App\\Models\\BarangModel')
 3 APPPATH\Controllers\Barang.php(14): CodeIgniter\Autoloader\Autoloader->loadClass('App\\Models\\BarangModel')
 4 SYSTEMPATH\CodeIgniter.php(914): App\Controllers\Barang->__construct()
 5 SYSTEMPATH\CodeIgniter.php(493): CodeIgniter\CodeIgniter->createController()
 6 SYSTEMPATH\CodeIgniter.php(361): CodeIgniter\CodeIgniter->handleRequest(null, Object(Config\Cache), false)
 7 FCPATH\index.php(79): CodeIgniter\CodeIgniter->run()
CRITICAL - 2023-12-17 08:05:43 --> syntax error, unexpected token ","
in APPPATH\Models\BarangModel.php on line 24.
 1 SYSTEMPATH\Autoloader\Autoloader.php(291): CodeIgniter\Autoloader\Autoloader->includeFile('C:\\laragon\\www\\cafe-ci4\\app\\Models\\BarangModel.php')
 2 SYSTEMPATH\Autoloader\Autoloader.php(269): CodeIgniter\Autoloader\Autoloader->loadInNamespace('App\\Models\\BarangModel')
 3 APPPATH\Controllers\Barang.php(14): CodeIgniter\Autoloader\Autoloader->loadClass('App\\Models\\BarangModel')
 4 SYSTEMPATH\CodeIgniter.php(914): App\Controllers\Barang->__construct()
 5 SYSTEMPATH\CodeIgniter.php(493): CodeIgniter\CodeIgniter->createController()
 6 SYSTEMPATH\CodeIgniter.php(361): CodeIgniter\CodeIgniter->handleRequest(null, Object(Config\Cache), false)
 7 FCPATH\index.php(79): CodeIgniter\CodeIgniter->run()
CRITICAL - 2023-12-17 08:05:54 --> syntax error, unexpected token ","
in APPPATH\Models\BarangModel.php on line 24.
 1 SYSTEMPATH\Autoloader\Autoloader.php(291): CodeIgniter\Autoloader\Autoloader->includeFile('C:\\laragon\\www\\cafe-ci4\\app\\Models\\BarangModel.php')
 2 SYSTEMPATH\Autoloader\Autoloader.php(269): CodeIgniter\Autoloader\Autoloader->loadInNamespace('App\\Models\\BarangModel')
 3 APPPATH\Controllers\Barang.php(14): CodeIgniter\Autoloader\Autoloader->loadClass('App\\Models\\BarangModel')
 4 SYSTEMPATH\CodeIgniter.php(914): App\Controllers\Barang->__construct()
 5 SYSTEMPATH\CodeIgniter.php(493): CodeIgniter\CodeIgniter->createController()
 6 SYSTEMPATH\CodeIgniter.php(361): CodeIgniter\CodeIgniter->handleRequest(null, Object(Config\Cache), false)
 7 FCPATH\index.php(79): CodeIgniter\CodeIgniter->run()
CRITICAL - 2023-12-17 08:06:02 --> syntax error, unexpected token ","
in APPPATH\Models\BarangModel.php on line 24.
 1 SYSTEMPATH\Autoloader\Autoloader.php(291): CodeIgniter\Autoloader\Autoloader->includeFile('C:\\laragon\\www\\cafe-ci4\\app\\Models\\BarangModel.php')
 2 SYSTEMPATH\Autoloader\Autoloader.php(269): CodeIgniter\Autoloader\Autoloader->loadInNamespace('App\\Models\\BarangModel')
 3 APPPATH\Controllers\Barang.php(14): CodeIgniter\Autoloader\Autoloader->loadClass('App\\Models\\BarangModel')
 4 SYSTEMPATH\CodeIgniter.php(914): App\Controllers\Barang->__construct()
 5 SYSTEMPATH\CodeIgniter.php(493): CodeIgniter\CodeIgniter->createController()
 6 SYSTEMPATH\CodeIgniter.php(361): CodeIgniter\CodeIgniter->handleRequest(null, Object(Config\Cache), false)
 7 FCPATH\index.php(79): CodeIgniter\CodeIgniter->run()
INFO - 2023-12-17 08:08:19 --> Session: Class initialized using 'CodeIgniter\Session\Handlers\FileHandler' driver.
CRITICAL - 2023-12-17 08:08:24 --> Cannot access offset of type string on string
in APPPATH\Models\BarangModel.php on line 33.
 1 APPPATH\Controllers\Barang.php(56): App\Models\BarangModel->edit('4')
 2 SYSTEMPATH\CodeIgniter.php(942): App\Controllers\Barang->edit('4')
 3 SYSTEMPATH\CodeIgniter.php(502): CodeIgniter\CodeIgniter->runController(Object(App\Controllers\Barang))
 4 SYSTEMPATH\CodeIgniter.php(361): CodeIgniter\CodeIgniter->handleRequest(null, Object(Config\Cache), false)
 5 FCPATH\index.php(79): CodeIgniter\CodeIgniter->run()
INFO - 2023-12-17 08:12:15 --> Session: Class initialized using 'CodeIgniter\Session\Handlers\FileHandler' driver.
INFO - 2023-12-17 08:12:23 --> Session: Class initialized using 'CodeIgniter\Session\Handlers\FileHandler' driver.
INFO - 2023-12-17 08:12:23 --> Session: Class initialized using 'CodeIgniter\Session\Handlers\FileHandler' driver.
INFO - 2023-12-17 08:12:28 --> Session: Class initialized using 'CodeIgniter\Session\Handlers\FileHandler' driver.
INFO - 2023-12-17 08:12:28 --> Session: Class initialized using 'CodeIgniter\Session\Handlers\FileHandler' driver.
INFO - 2023-12-17 08:13:00 --> Session: Class initialized using 'CodeIgniter\Session\Handlers\FileHandler' driver.
INFO - 2023-12-17 08:13:00 --> Session: Class initialized using 'CodeIgniter\Session\Handlers\FileHandler' driver.
INFO - 2023-12-17 08:13:05 --> Session: Class initialized using 'CodeIgniter\Session\Handlers\FileHandler' driver.
INFO - 2023-12-17 08:13:05 --> Session: Class initialized using 'CodeIgniter\Session\Handlers\FileHandler' driver.
INFO - 2023-12-17 08:14:11 --> Session: Class initialized using 'CodeIgniter\Session\Handlers\FileHandler' driver.
INFO - 2023-12-17 08:14:11 --> Session: Class initialized using 'CodeIgniter\Session\Handlers\FileHandler' driver.
CRITICAL - 2023-12-17 08:15:51 --> syntax error, unexpected token "=>"
in APPPATH\Controllers\Barang.php on line 57.
 1 SYSTEMPATH\Router\Router.php(514): CodeIgniter\Router\AutoRouter->getRoute('barang', 'get')
 2 SYSTEMPATH\Router\Router.php(210): CodeIgniter\Router\Router->autoRoute('barang')
 3 SYSTEMPATH\CodeIgniter.php(823): CodeIgniter\Router\Router->handle('barang')
 4 SYSTEMPATH\CodeIgniter.php(450): CodeIgniter\CodeIgniter->tryToRouteIt(Object(CodeIgniter\Router\RouteCollection))
 5 SYSTEMPATH\CodeIgniter.php(361): CodeIgniter\CodeIgniter->handleRequest(null, Object(Config\Cache), false)
 6 FCPATH\index.php(79): CodeIgniter\CodeIgniter->run()
INFO - 2023-12-17 08:17:58 --> Session: Class initialized using 'CodeIgniter\Session\Handlers\FileHandler' driver.
INFO - 2023-12-17 08:21:39 --> Session: Class initialized using 'CodeIgniter\Session\Handlers\FileHandler' driver.
INFO - 2023-12-17 08:27:49 --> Session: Class initialized using 'CodeIgniter\Session\Handlers\FileHandler' driver.
INFO - 2023-12-17 08:27:56 --> Session: Class initialized using 'CodeIgniter\Session\Handlers\FileHandler' driver.
INFO - 2023-12-17 08:29:20 --> Session: Class initialized using 'CodeIgniter\Session\Handlers\FileHandler' driver.
INFO - 2023-12-17 08:31:02 --> Session: Class initialized using 'CodeIgniter\Session\Handlers\FileHandler' driver.
INFO - 2023-12-17 08:31:03 --> Session: Class initialized using 'CodeIgniter\Session\Handlers\FileHandler' driver.
INFO - 2023-12-17 08:31:29 --> Session: Class initialized using 'CodeIgniter\Session\Handlers\FileHandler' driver.
INFO - 2023-12-17 08:32:25 --> Session: Class initialized using 'CodeIgniter\Session\Handlers\FileHandler' driver.
INFO - 2023-12-17 08:36:01 --> Session: Class initialized using 'CodeIgniter\Session\Handlers\FileHandler' driver.
INFO - 2023-12-17 08:36:52 --> Session: Class initialized using 'CodeIgniter\Session\Handlers\FileHandler' driver.
INFO - 2023-12-17 08:37:32 --> Session: Class initialized using 'CodeIgniter\Session\Handlers\FileHandler' driver.
INFO - 2023-12-17 08:38:23 --> Session: Class initialized using 'CodeIgniter\Session\Handlers\FileHandler' driver.
INFO - 2023-12-17 08:42:56 --> Session: Class initialized using 'CodeIgniter\Session\Handlers\FileHandler' driver.
INFO - 2023-12-17 08:42:59 --> Session: Class initialized using 'CodeIgniter\Session\Handlers\FileHandler' driver.
INFO - 2023-12-17 08:43:00 --> Session: Class initialized using 'CodeIgniter\Session\Handlers\FileHandler' driver.
INFO - 2023-12-17 08:43:03 --> Session: Class initialized using 'CodeIgniter\Session\Handlers\FileHandler' driver.
INFO - 2023-12-17 08:43:03 --> Session: Class initialized using 'CodeIgniter\Session\Handlers\FileHandler' driver.
INFO - 2023-12-17 08:43:06 --> Session: Class initialized using 'CodeIgniter\Session\Handlers\FileHandler' driver.
INFO - 2023-12-17 08:43:07 --> Session: Class initialized using 'CodeIgniter\Session\Handlers\FileHandler' driver.
INFO - 2023-12-17 08:43:40 --> Session: Class initialized using 'CodeIgniter\Session\Handlers\FileHandler' driver.
CRITICAL - 2023-12-17 08:43:46 --> Too few arguments to function App\Controllers\Barang::edit(), 0 passed in C:\laragon\www\cafe-ci4\system\CodeIgniter.php on line 942 and exactly 1 expected
in APPPATH\Controllers\Barang.php on line 56.
 1 SYSTEMPATH\CodeIgniter.php(942): App\Controllers\Barang->edit()
 2 SYSTEMPATH\CodeIgniter.php(502): CodeIgniter\CodeIgniter->runController(Object(App\Controllers\Barang))
 3 SYSTEMPATH\CodeIgniter.php(361): CodeIgniter\CodeIgniter->handleRequest(null, Object(Config\Cache), false)
 4 FCPATH\index.php(79): CodeIgniter\CodeIgniter->run()
INFO - 2023-12-17 08:47:08 --> Session: Class initialized using 'CodeIgniter\Session\Handlers\FileHandler' driver.
INFO - 2023-12-17 08:47:35 --> Session: Class initialized using 'CodeIgniter\Session\Handlers\FileHandler' driver.
INFO - 2023-12-17 08:47:35 --> Session: Class initialized using 'CodeIgniter\Session\Handlers\FileHandler' driver.
INFO - 2023-12-17 08:47:44 --> Session: Class initialized using 'CodeIgniter\Session\Handlers\FileHandler' driver.
INFO - 2023-12-17 08:47:45 --> Session: Class initialized using 'CodeIgniter\Session\Handlers\FileHandler' driver.
INFO - 2023-12-17 08:56:37 --> Session: Class initialized using 'CodeIgniter\Session\Handlers\FileHandler' driver.
INFO - 2023-12-17 08:56:46 --> Session: Class initialized using 'CodeIgniter\Session\Handlers\FileHandler' driver.
INFO - 2023-12-17 08:56:50 --> Session: Class initialized using 'CodeIgniter\Session\Handlers\FileHandler' driver.
INFO - 2023-12-17 08:56:50 --> Session: Class initialized using 'CodeIgniter\Session\Handlers\FileHandler' driver.
INFO - 2023-12-17 09:02:39 --> Session: Class initialized using 'CodeIgniter\Session\Handlers\FileHandler' driver.
CRITICAL - 2023-12-17 09:02:42 --> Undefined variable $barang
in APPPATH\Views\layout\editbarang.php on line 12.
 1 APPPATH\Views\layout\editbarang.php(12): CodeIgniter\Debug\Exceptions->errorHandler(2, 'Undefined variable $barang', 'C:\\laragon\\www\\cafe-ci4\\app\\Views\\layout\\editbarang.php', 12)
 2 SYSTEMPATH\View\View.php(228): include('C:\\laragon\\www\\cafe-ci4\\app\\Views\\layout\\editbarang.php')
 3 SYSTEMPATH\View\View.php(231): CodeIgniter\View\View->CodeIgniter\View\{closure}()
 4 SYSTEMPATH\Common.php(1190): CodeIgniter\View\View->render('layout/editbarang', [], true)
 5 APPPATH\Controllers\Barang.php(64): view('layout/editbarang', [...])
 6 SYSTEMPATH\CodeIgniter.php(942): App\Controllers\Barang->edit('1')
 7 SYSTEMPATH\CodeIgniter.php(502): CodeIgniter\CodeIgniter->runController(Object(App\Controllers\Barang))
 8 SYSTEMPATH\CodeIgniter.php(361): CodeIgniter\CodeIgniter->handleRequest(null, Object(Config\Cache), false)
 9 FCPATH\index.php(79): CodeIgniter\CodeIgniter->run()
INFO - 2023-12-17 09:03:49 --> Session: Class initialized using 'CodeIgniter\Session\Handlers\FileHandler' driver.
CRITICAL - 2023-12-17 09:03:56 --> Undefined array key "nama_kategori"
in APPPATH\Views\layout\editbarang.php on line 20.
 1 APPPATH\Views\layout\editbarang.php(20): CodeIgniter\Debug\Exceptions->errorHandler(2, 'Undefined array key "nama_kategori"', 'C:\\laragon\\www\\cafe-ci4\\app\\Views\\layout\\editbarang.php', 20)
 2 SYSTEMPATH\View\View.php(228): include('C:\\laragon\\www\\cafe-ci4\\app\\Views\\layout\\editbarang.php')
 3 SYSTEMPATH\View\View.php(231): CodeIgniter\View\View->CodeIgniter\View\{closure}()
 4 SYSTEMPATH\Common.php(1190): CodeIgniter\View\View->render('layout/editbarang', [], true)
 5 APPPATH\Controllers\Barang.php(64): view('layout/editbarang', [...])
 6 SYSTEMPATH\CodeIgniter.php(942): App\Controllers\Barang->edit('1')
 7 SYSTEMPATH\CodeIgniter.php(502): CodeIgniter\CodeIgniter->runController(Object(App\Controllers\Barang))
 8 SYSTEMPATH\CodeIgniter.php(361): CodeIgniter\CodeIgniter->handleRequest(null, Object(Config\Cache), false)
 9 FCPATH\index.php(79): CodeIgniter\CodeIgniter->run()
INFO - 2023-12-17 09:05:15 --> Session: Class initialized using 'CodeIgniter\Session\Handlers\FileHandler' driver.
CRITICAL - 2023-12-17 09:05:27 --> Too few arguments to function App\Controllers\Barang::edit(), 0 passed in C:\laragon\www\cafe-ci4\system\CodeIgniter.php on line 942 and exactly 1 expected
in APPPATH\Controllers\Barang.php on line 55.
 1 SYSTEMPATH\CodeIgniter.php(942): App\Controllers\Barang->edit()
 2 SYSTEMPATH\CodeIgniter.php(502): CodeIgniter\CodeIgniter->runController(Object(App\Controllers\Barang))
 3 SYSTEMPATH\CodeIgniter.php(361): CodeIgniter\CodeIgniter->handleRequest(null, Object(Config\Cache), false)
 4 FCPATH\index.php(79): CodeIgniter\CodeIgniter->run()
INFO - 2023-12-17 09:07:31 --> Session: Class initialized using 'CodeIgniter\Session\Handlers\FileHandler' driver.
CRITICAL - 2023-12-17 09:07:34 --> Invalid file: "edit_barang.php"
in SYSTEMPATH\Exceptions\FrameworkException.php on line 39.
 1 SYSTEMPATH\View\View.php(216): CodeIgniter\Exceptions\FrameworkException::forInvalidFile('edit_barang.php')
 2 SYSTEMPATH\Common.php(1190): CodeIgniter\View\View->render('edit_barang', [], true)
 3 APPPATH\Controllers\Barang.php(69): view('edit_barang', [...])
 4 SYSTEMPATH\CodeIgniter.php(942): App\Controllers\Barang->edit('1')
 5 SYSTEMPATH\CodeIgniter.php(502): CodeIgniter\CodeIgniter->runController(Object(App\Controllers\Barang))
 6 SYSTEMPATH\CodeIgniter.php(361): CodeIgniter\CodeIgniter->handleRequest(null, Object(Config\Cache), false)
 7 FCPATH\index.php(79): CodeIgniter\CodeIgniter->run()
INFO - 2023-12-17 09:08:08 --> Session: Class initialized using 'CodeIgniter\Session\Handlers\FileHandler' driver.
CRITICAL - 2023-12-17 09:08:12 --> Invalid file: "editbarang.php"
in SYSTEMPATH\Exceptions\FrameworkException.php on line 39.
 1 SYSTEMPATH\View\View.php(216): CodeIgniter\Exceptions\FrameworkException::forInvalidFile('editbarang.php')
 2 SYSTEMPATH\Common.php(1190): CodeIgniter\View\View->render('editbarang', [], true)
 3 APPPATH\Controllers\Barang.php(69): view('editbarang', [...])
 4 SYSTEMPATH\CodeIgniter.php(942): App\Controllers\Barang->edit('1')
 5 SYSTEMPATH\CodeIgniter.php(502): CodeIgniter\CodeIgniter->runController(Object(App\Controllers\Barang))
 6 SYSTEMPATH\CodeIgniter.php(361): CodeIgniter\CodeIgniter->handleRequest(null, Object(Config\Cache), false)
 7 FCPATH\index.php(79): CodeIgniter\CodeIgniter->run()
INFO - 2023-12-17 09:08:57 --> Session: Class initialized using 'CodeIgniter\Session\Handlers\FileHandler' driver.
CRITICAL - 2023-12-17 09:09:08 --> Too few arguments to function App\Controllers\Barang::edit(), 0 passed in C:\laragon\www\cafe-ci4\system\CodeIgniter.php on line 942 and exactly 1 expected
in APPPATH\Controllers\Barang.php on line 55.
 1 SYSTEMPATH\CodeIgniter.php(942): App\Controllers\Barang->edit()
 2 SYSTEMPATH\CodeIgniter.php(502): CodeIgniter\CodeIgniter->runController(Object(App\Controllers\Barang))
 3 SYSTEMPATH\CodeIgniter.php(361): CodeIgniter\CodeIgniter->handleRequest(null, Object(Config\Cache), false)
 4 FCPATH\index.php(79): CodeIgniter\CodeIgniter->run()
INFO - 2023-12-17 09:09:25 --> Session: Class initialized using 'CodeIgniter\Session\Handlers\FileHandler' driver.
CRITICAL - 2023-12-17 09:09:33 --> Too few arguments to function App\Controllers\Barang::edit(), 0 passed in C:\laragon\www\cafe-ci4\system\CodeIgniter.php on line 942 and exactly 1 expected
in APPPATH\Controllers\Barang.php on line 55.
 1 SYSTEMPATH\CodeIgniter.php(942): App\Controllers\Barang->edit()
 2 SYSTEMPATH\CodeIgniter.php(502): CodeIgniter\CodeIgniter->runController(Object(App\Controllers\Barang))
 3 SYSTEMPATH\CodeIgniter.php(361): CodeIgniter\CodeIgniter->handleRequest(null, Object(Config\Cache), false)
 4 FCPATH\index.php(79): CodeIgniter\CodeIgniter->run()
CRITICAL - 2023-12-17 09:12:11 --> syntax error, unexpected variable "$this", expecting "function" or "const"
in APPPATH\Controllers\Barang.php on line 55.
 1 SYSTEMPATH\Router\Router.php(514): CodeIgniter\Router\AutoRouter->getRoute('barang', 'get')
 2 SYSTEMPATH\Router\Router.php(210): CodeIgniter\Router\Router->autoRoute('barang')
 3 SYSTEMPATH\CodeIgniter.php(823): CodeIgniter\Router\Router->handle('barang')
 4 SYSTEMPATH\CodeIgniter.php(450): CodeIgniter\CodeIgniter->tryToRouteIt(Object(CodeIgniter\Router\RouteCollection))
 5 SYSTEMPATH\CodeIgniter.php(361): CodeIgniter\CodeIgniter->handleRequest(null, Object(Config\Cache), false)
 6 FCPATH\index.php(79): CodeIgniter\CodeIgniter->run()
INFO - 2023-12-17 09:14:36 --> Session: Class initialized using 'CodeIgniter\Session\Handlers\FileHandler' driver.
CRITICAL - 2023-12-17 09:14:44 --> Too few arguments to function App\Controllers\Barang::edit(), 0 passed in C:\laragon\www\cafe-ci4\system\CodeIgniter.php on line 942 and exactly 1 expected
in APPPATH\Controllers\Barang.php on line 55.
 1 SYSTEMPATH\CodeIgniter.php(942): App\Controllers\Barang->edit()
 2 SYSTEMPATH\CodeIgniter.php(502): CodeIgniter\CodeIgniter->runController(Object(App\Controllers\Barang))
 3 SYSTEMPATH\CodeIgniter.php(361): CodeIgniter\CodeIgniter->handleRequest(null, Object(Config\Cache), false)
 4 FCPATH\index.php(79): CodeIgniter\CodeIgniter->run()
INFO - 2023-12-17 09:16:41 --> Session: Class initialized using 'CodeIgniter\Session\Handlers\FileHandler' driver.
INFO - 2023-12-17 09:16:44 --> Session: Class initialized using 'CodeIgniter\Session\Handlers\FileHandler' driver.
CRITICAL - 2023-12-17 09:16:47 --> Too few arguments to function App\Controllers\Barang::edit(), 0 passed in C:\laragon\www\cafe-ci4\system\CodeIgniter.php on line 942 and exactly 1 expected
in APPPATH\Controllers\Barang.php on line 55.
 1 SYSTEMPATH\CodeIgniter.php(942): App\Controllers\Barang->edit()
 2 SYSTEMPATH\CodeIgniter.php(502): CodeIgniter\CodeIgniter->runController(Object(App\Controllers\Barang))
 3 SYSTEMPATH\CodeIgniter.php(361): CodeIgniter\CodeIgniter->handleRequest(null, Object(Config\Cache), false)
 4 FCPATH\index.php(79): CodeIgniter\CodeIgniter->run()
INFO - 2023-12-17 09:18:53 --> Session: Class initialized using 'CodeIgniter\Session\Handlers\FileHandler' driver.
INFO - 2023-12-17 09:18:57 --> Session: Class initialized using 'CodeIgniter\Session\Handlers\FileHandler' driver.
INFO - 2023-12-17 09:18:57 --> Session: Class initialized using 'CodeIgniter\Session\Handlers\FileHandler' driver.
INFO - 2023-12-17 09:19:02 --> Session: Class initialized using 'CodeIgniter\Session\Handlers\FileHandler' driver.
INFO - 2023-12-17 09:19:02 --> Session: Class initialized using 'CodeIgniter\Session\Handlers\FileHandler' driver.
INFO - 2023-12-17 09:21:24 --> Session: Class initialized using 'CodeIgniter\Session\Handlers\FileHandler' driver.
CRITICAL - 2023-12-17 09:21:32 --> Too few arguments to function App\Controllers\Barang::edit(), 0 passed in C:\laragon\www\cafe-ci4\system\CodeIgniter.php on line 942 and exactly 1 expected
in APPPATH\Controllers\Barang.php on line 55.
 1 SYSTEMPATH\CodeIgniter.php(942): App\Controllers\Barang->edit()
 2 SYSTEMPATH\CodeIgniter.php(502): CodeIgniter\CodeIgniter->runController(Object(App\Controllers\Barang))
 3 SYSTEMPATH\CodeIgniter.php(361): CodeIgniter\CodeIgniter->handleRequest(null, Object(Config\Cache), false)
 4 FCPATH\index.php(79): CodeIgniter\CodeIgniter->run()
INFO - 2023-12-17 10:01:36 --> Session: Class initialized using 'CodeIgniter\Session\Handlers\FileHandler' driver.
INFO - 2023-12-17 10:01:39 --> Session: Class initialized using 'CodeIgniter\Session\Handlers\FileHandler' driver.
CRITICAL - 2023-12-17 10:01:39 --> Undefined variable $barang
in APPPATH\Views\layout\supplier.php on line 31.
 1 APPPATH\Views\layout\supplier.php(31): CodeIgniter\Debug\Exceptions->errorHandler(2, 'Undefined variable $barang', 'C:\\laragon\\www\\cafe-ci4\\app\\Views\\layout\\supplier.php', 31)
 2 SYSTEMPATH\View\View.php(228): include('C:\\laragon\\www\\cafe-ci4\\app\\Views\\layout\\supplier.php')
 3 SYSTEMPATH\View\View.php(231): CodeIgniter\View\View->CodeIgniter\View\{closure}()
 4 SYSTEMPATH\Common.php(1190): CodeIgniter\View\View->render('layout/supplier', [], true)
 5 APPPATH\Controllers\Supplier.php(25): view('layout/supplier', [...])
 6 SYSTEMPATH\CodeIgniter.php(942): App\Controllers\Supplier->index()
 7 SYSTEMPATH\CodeIgniter.php(502): CodeIgniter\CodeIgniter->runController(Object(App\Controllers\Supplier))
 8 SYSTEMPATH\CodeIgniter.php(361): CodeIgniter\CodeIgniter->handleRequest(null, Object(Config\Cache), false)
 9 FCPATH\index.php(79): CodeIgniter\CodeIgniter->run()
INFO - 2023-12-17 10:02:12 --> Session: Class initialized using 'CodeIgniter\Session\Handlers\FileHandler' driver.
CRITICAL - 2023-12-17 10:02:23 --> Too few arguments to function App\Controllers\Barang::edit(), 0 passed in C:\laragon\www\cafe-ci4\system\CodeIgniter.php on line 942 and exactly 1 expected
in APPPATH\Controllers\Barang.php on line 55.
 1 SYSTEMPATH\CodeIgniter.php(942): App\Controllers\Barang->edit()
 2 SYSTEMPATH\CodeIgniter.php(502): CodeIgniter\CodeIgniter->runController(Object(App\Controllers\Barang))
 3 SYSTEMPATH\CodeIgniter.php(361): CodeIgniter\CodeIgniter->handleRequest(null, Object(Config\Cache), false)
 4 FCPATH\index.php(79): CodeIgniter\CodeIgniter->run()
INFO - 2023-12-17 10:03:42 --> Session: Class initialized using 'CodeIgniter\Session\Handlers\FileHandler' driver.
CRITICAL - 2023-12-17 10:03:42 --> Undefined variable $barang
in APPPATH\Views\layout\supplier.php on line 31.
 1 APPPATH\Views\layout\supplier.php(31): CodeIgniter\Debug\Exceptions->errorHandler(2, 'Undefined variable $barang', 'C:\\laragon\\www\\cafe-ci4\\app\\Views\\layout\\supplier.php', 31)
 2 SYSTEMPATH\View\View.php(228): include('C:\\laragon\\www\\cafe-ci4\\app\\Views\\layout\\supplier.php')
 3 SYSTEMPATH\View\View.php(231): CodeIgniter\View\View->CodeIgniter\View\{closure}()
 4 SYSTEMPATH\Common.php(1190): CodeIgniter\View\View->render('layout/supplier', [], true)
 5 APPPATH\Controllers\Supplier.php(25): view('layout/supplier', [...])
 6 SYSTEMPATH\CodeIgniter.php(942): App\Controllers\Supplier->index()
 7 SYSTEMPATH\CodeIgniter.php(502): CodeIgniter\CodeIgniter->runController(Object(App\Controllers\Supplier))
 8 SYSTEMPATH\CodeIgniter.php(361): CodeIgniter\CodeIgniter->handleRequest(null, Object(Config\Cache), false)
 9 FCPATH\index.php(79): CodeIgniter\CodeIgniter->run()
INFO - 2023-12-17 10:04:27 --> Session: Class initialized using 'CodeIgniter\Session\Handlers\FileHandler' driver.
INFO - 2023-12-17 10:05:25 --> Session: Class initialized using 'CodeIgniter\Session\Handlers\FileHandler' driver.
CRITICAL - 2023-12-17 10:05:25 --> Undefined variable $barang
in APPPATH\Views\layout\supplier.php on line 31.
 1 APPPATH\Views\layout\supplier.php(31): CodeIgniter\Debug\Exceptions->errorHandler(2, 'Undefined variable $barang', 'C:\\laragon\\www\\cafe-ci4\\app\\Views\\layout\\supplier.php', 31)
 2 SYSTEMPATH\View\View.php(228): include('C:\\laragon\\www\\cafe-ci4\\app\\Views\\layout\\supplier.php')
 3 SYSTEMPATH\View\View.php(231): CodeIgniter\View\View->CodeIgniter\View\{closure}()
 4 SYSTEMPATH\Common.php(1190): CodeIgniter\View\View->render('layout/supplier', [], true)
 5 APPPATH\Controllers\Supplier.php(25): view('layout/supplier', [...])
 6 SYSTEMPATH\CodeIgniter.php(942): App\Controllers\Supplier->index()
 7 SYSTEMPATH\CodeIgniter.php(502): CodeIgniter\CodeIgniter->runController(Object(App\Controllers\Supplier))
 8 SYSTEMPATH\CodeIgniter.php(361): CodeIgniter\CodeIgniter->handleRequest(null, Object(Config\Cache), false)
 9 FCPATH\index.php(79): CodeIgniter\CodeIgniter->run()
INFO - 2023-12-17 10:05:44 --> Session: Class initialized using 'CodeIgniter\Session\Handlers\FileHandler' driver.
INFO - 2023-12-17 10:06:04 --> Session: Class initialized using 'CodeIgniter\Session\Handlers\FileHandler' driver.
INFO - 2023-12-17 10:06:04 --> Session: Class initialized using 'CodeIgniter\Session\Handlers\FileHandler' driver.
CRITICAL - 2023-12-17 10:06:04 --> Undefined array key "nama_barang"
in APPPATH\Views\layout\supplier.php on line 34.
 1 APPPATH\Views\layout\supplier.php(34): CodeIgniter\Debug\Exceptions->errorHandler(2, 'Undefined array key "nama_barang"', 'C:\\laragon\\www\\cafe-ci4\\app\\Views\\layout\\supplier.php', 34)
 2 SYSTEMPATH\View\View.php(228): include('C:\\laragon\\www\\cafe-ci4\\app\\Views\\layout\\supplier.php')
 3 SYSTEMPATH\View\View.php(231): CodeIgniter\View\View->CodeIgniter\View\{closure}()
 4 SYSTEMPATH\Common.php(1190): CodeIgniter\View\View->render('layout/supplier', [], true)
 5 APPPATH\Controllers\Supplier.php(25): view('layout/supplier', [...])
 6 SYSTEMPATH\CodeIgniter.php(942): App\Controllers\Supplier->index()
 7 SYSTEMPATH\CodeIgniter.php(502): CodeIgniter\CodeIgniter->runController(Object(App\Controllers\Supplier))
 8 SYSTEMPATH\CodeIgniter.php(361): CodeIgniter\CodeIgniter->handleRequest(null, Object(Config\Cache), false)
 9 FCPATH\index.php(79): CodeIgniter\CodeIgniter->run()
INFO - 2023-12-17 10:06:39 --> Session: Class initialized using 'CodeIgniter\Session\Handlers\FileHandler' driver.
CRITICAL - 2023-12-17 10:06:39 --> Undefined array key "nama_barang"
in APPPATH\Views\layout\supplier.php on line 34.
 1 APPPATH\Views\layout\supplier.php(34): CodeIgniter\Debug\Exceptions->errorHandler(2, 'Undefined array key "nama_barang"', 'C:\\laragon\\www\\cafe-ci4\\app\\Views\\layout\\supplier.php', 34)
 2 SYSTEMPATH\View\View.php(228): include('C:\\laragon\\www\\cafe-ci4\\app\\Views\\layout\\supplier.php')
 3 SYSTEMPATH\View\View.php(231): CodeIgniter\View\View->CodeIgniter\View\{closure}()
 4 SYSTEMPATH\Common.php(1190): CodeIgniter\View\View->render('layout/supplier', [], true)
 5 APPPATH\Controllers\Supplier.php(25): view('layout/supplier', [...])
 6 SYSTEMPATH\CodeIgniter.php(942): App\Controllers\Supplier->index()
 7 SYSTEMPATH\CodeIgniter.php(502): CodeIgniter\CodeIgniter->runController(Object(App\Controllers\Supplier))
 8 SYSTEMPATH\CodeIgniter.php(361): CodeIgniter\CodeIgniter->handleRequest(null, Object(Config\Cache), false)
 9 FCPATH\index.php(79): CodeIgniter\CodeIgniter->run()
INFO - 2023-12-17 10:07:01 --> Session: Class initialized using 'CodeIgniter\Session\Handlers\FileHandler' driver.
CRITICAL - 2023-12-17 10:07:01 --> Undefined array key "id_barang"
in APPPATH\Views\layout\supplier.php on line 38.
 1 APPPATH\Views\layout\supplier.php(38): CodeIgniter\Debug\Exceptions->errorHandler(2, 'Undefined array key "id_barang"', 'C:\\laragon\\www\\cafe-ci4\\app\\Views\\layout\\supplier.php', 38)
 2 SYSTEMPATH\View\View.php(228): include('C:\\laragon\\www\\cafe-ci4\\app\\Views\\layout\\supplier.php')
 3 SYSTEMPATH\View\View.php(231): CodeIgniter\View\View->CodeIgniter\View\{closure}()
 4 SYSTEMPATH\Common.php(1190): CodeIgniter\View\View->render('layout/supplier', [], true)
 5 APPPATH\Controllers\Supplier.php(25): view('layout/supplier', [...])
 6 SYSTEMPATH\CodeIgniter.php(942): App\Controllers\Supplier->index()
 7 SYSTEMPATH\CodeIgniter.php(502): CodeIgniter\CodeIgniter->runController(Object(App\Controllers\Supplier))
 8 SYSTEMPATH\CodeIgniter.php(361): CodeIgniter\CodeIgniter->handleRequest(null, Object(Config\Cache), false)
 9 FCPATH\index.php(79): CodeIgniter\CodeIgniter->run()
INFO - 2023-12-17 10:07:27 --> Session: Class initialized using 'CodeIgniter\Session\Handlers\FileHandler' driver.
CRITICAL - 2023-12-17 10:07:27 --> Undefined array key "id_barang"
in APPPATH\Views\layout\supplier.php on line 44.
 1 APPPATH\Views\layout\supplier.php(44): CodeIgniter\Debug\Exceptions->errorHandler(2, 'Undefined array key "id_barang"', 'C:\\laragon\\www\\cafe-ci4\\app\\Views\\layout\\supplier.php', 44)
 2 SYSTEMPATH\View\View.php(228): include('C:\\laragon\\www\\cafe-ci4\\app\\Views\\layout\\supplier.php')
 3 SYSTEMPATH\View\View.php(231): CodeIgniter\View\View->CodeIgniter\View\{closure}()
 4 SYSTEMPATH\Common.php(1190): CodeIgniter\View\View->render('layout/supplier', [], true)
 5 APPPATH\Controllers\Supplier.php(25): view('layout/supplier', [...])
 6 SYSTEMPATH\CodeIgniter.php(942): App\Controllers\Supplier->index()
 7 SYSTEMPATH\CodeIgniter.php(502): CodeIgniter\CodeIgniter->runController(Object(App\Controllers\Supplier))
 8 SYSTEMPATH\CodeIgniter.php(361): CodeIgniter\CodeIgniter->handleRequest(null, Object(Config\Cache), false)
 9 FCPATH\index.php(79): CodeIgniter\CodeIgniter->run()
INFO - 2023-12-17 10:07:51 --> Session: Class initialized using 'CodeIgniter\Session\Handlers\FileHandler' driver.
INFO - 2023-12-17 10:08:07 --> Session: Class initialized using 'CodeIgniter\Session\Handlers\FileHandler' driver.
INFO - 2023-12-17 10:08:13 --> Session: Class initialized using 'CodeIgniter\Session\Handlers\FileHandler' driver.
INFO - 2023-12-17 10:08:13 --> Session: Class initialized using 'CodeIgniter\Session\Handlers\FileHandler' driver.
INFO - 2023-12-17 10:08:20 --> Session: Class initialized using 'CodeIgniter\Session\Handlers\FileHandler' driver.
INFO - 2023-12-17 10:08:20 --> Session: Class initialized using 'CodeIgniter\Session\Handlers\FileHandler' driver.
INFO - 2023-12-17 10:08:25 --> Session: Class initialized using 'CodeIgniter\Session\Handlers\FileHandler' driver.
INFO - 2023-12-17 10:08:25 --> Session: Class initialized using 'CodeIgniter\Session\Handlers\FileHandler' driver.
INFO - 2023-12-17 10:09:01 --> Session: Class initialized using 'CodeIgniter\Session\Handlers\FileHandler' driver.
INFO - 2023-12-17 10:09:01 --> Session: Class initialized using 'CodeIgniter\Session\Handlers\FileHandler' driver.
INFO - 2023-12-17 10:09:36 --> Session: Class initialized using 'CodeIgniter\Session\Handlers\FileHandler' driver.
INFO - 2023-12-17 10:09:36 --> Session: Class initialized using 'CodeIgniter\Session\Handlers\FileHandler' driver.
INFO - 2023-12-17 10:10:01 --> Session: Class initialized using 'CodeIgniter\Session\Handlers\FileHandler' driver.
INFO - 2023-12-17 10:10:01 --> Session: Class initialized using 'CodeIgniter\Session\Handlers\FileHandler' driver.
INFO - 2023-12-17 10:10:37 --> Session: Class initialized using 'CodeIgniter\Session\Handlers\FileHandler' driver.
INFO - 2023-12-17 10:10:37 --> Session: Class initialized using 'CodeIgniter\Session\Handlers\FileHandler' driver.
INFO - 2023-12-17 10:10:47 --> Session: Class initialized using 'CodeIgniter\Session\Handlers\FileHandler' driver.
INFO - 2023-12-17 10:10:47 --> Session: Class initialized using 'CodeIgniter\Session\Handlers\FileHandler' driver.
INFO - 2023-12-17 10:11:12 --> Session: Class initialized using 'CodeIgniter\Session\Handlers\FileHandler' driver.
INFO - 2023-12-17 10:11:12 --> Session: Class initialized using 'CodeIgniter\Session\Handlers\FileHandler' driver.
INFO - 2023-12-17 10:11:28 --> Session: Class initialized using 'CodeIgniter\Session\Handlers\FileHandler' driver.
INFO - 2023-12-17 10:11:29 --> Session: Class initialized using 'CodeIgniter\Session\Handlers\FileHandler' driver.
INFO - 2023-12-17 10:12:55 --> Session: Class initialized using 'CodeIgniter\Session\Handlers\FileHandler' driver.
INFO - 2023-12-17 10:13:00 --> Session: Class initialized using 'CodeIgniter\Session\Handlers\FileHandler' driver.
INFO - 2023-12-17 10:13:13 --> Session: Class initialized using 'CodeIgniter\Session\Handlers\FileHandler' driver.
INFO - 2023-12-17 10:13:13 --> Session: Class initialized using 'CodeIgniter\Session\Handlers\FileHandler' driver.
INFO - 2023-12-17 10:13:19 --> Session: Class initialized using 'CodeIgniter\Session\Handlers\FileHandler' driver.
INFO - 2023-12-17 10:13:20 --> Session: Class initialized using 'CodeIgniter\Session\Handlers\FileHandler' driver.
INFO - 2023-12-17 10:15:14 --> Session: Class initialized using 'CodeIgniter\Session\Handlers\FileHandler' driver.
INFO - 2023-12-17 10:15:19 --> Session: Class initialized using 'CodeIgniter\Session\Handlers\FileHandler' driver.
INFO - 2023-12-17 10:15:19 --> Session: Class initialized using 'CodeIgniter\Session\Handlers\FileHandler' driver.
INFO - 2023-12-17 10:34:51 --> Session: Class initialized using 'CodeIgniter\Session\Handlers\FileHandler' driver.
CRITICAL - 2023-12-17 10:34:57 --> Undefined variable $Supplier
in APPPATH\Views\layout\editsupplier.php on line 12.
 1 APPPATH\Views\layout\editsupplier.php(12): CodeIgniter\Debug\Exceptions->errorHandler(2, 'Undefined variable $Supplier', 'C:\\laragon\\www\\cafe-ci4\\app\\Views\\layout\\editsupplier.php', 12)
 2 SYSTEMPATH\View\View.php(228): include('C:\\laragon\\www\\cafe-ci4\\app\\Views\\layout\\editsupplier.php')
 3 SYSTEMPATH\View\View.php(231): CodeIgniter\View\View->CodeIgniter\View\{closure}()
 4 SYSTEMPATH\Common.php(1190): CodeIgniter\View\View->render('layout/editsupplier', [], true)
 5 APPPATH\Controllers\Supplier.php(72): view('layout/editsupplier', [...])
 6 SYSTEMPATH\CodeIgniter.php(942): App\Controllers\Supplier->edit('S1')
 7 SYSTEMPATH\CodeIgniter.php(502): CodeIgniter\CodeIgniter->runController(Object(App\Controllers\Supplier))
 8 SYSTEMPATH\CodeIgniter.php(361): CodeIgniter\CodeIgniter->handleRequest(null, Object(Config\Cache), false)
 9 FCPATH\index.php(79): CodeIgniter\CodeIgniter->run()
CRITICAL - 2023-12-17 10:36:32 --> Undefined variable $Supplier
in APPPATH\Views\layout\editsupplier.php on line 15.
 1 APPPATH\Views\layout\editsupplier.php(15): CodeIgniter\Debug\Exceptions->errorHandler(2, 'Undefined variable $Supplier', 'C:\\laragon\\www\\cafe-ci4\\app\\Views\\layout\\editsupplier.php', 15)
 2 SYSTEMPATH\View\View.php(228): include('C:\\laragon\\www\\cafe-ci4\\app\\Views\\layout\\editsupplier.php')
 3 SYSTEMPATH\View\View.php(231): CodeIgniter\View\View->CodeIgniter\View\{closure}()
 4 SYSTEMPATH\Common.php(1190): CodeIgniter\View\View->render('layout/editsupplier', [], true)
 5 APPPATH\Controllers\Supplier.php(72): view('layout/editsupplier', [...])
 6 SYSTEMPATH\CodeIgniter.php(942): App\Controllers\Supplier->edit('S1')
 7 SYSTEMPATH\CodeIgniter.php(502): CodeIgniter\CodeIgniter->runController(Object(App\Controllers\Supplier))
 8 SYSTEMPATH\CodeIgniter.php(361): CodeIgniter\CodeIgniter->handleRequest(null, Object(Config\Cache), false)
 9 FCPATH\index.php(79): CodeIgniter\CodeIgniter->run()
CRITICAL - 2023-12-17 10:37:26 --> Undefined variable $Supplier
in APPPATH\Views\layout\editsupplier.php on line 20.
 1 APPPATH\Views\layout\editsupplier.php(20): CodeIgniter\Debug\Exceptions->errorHandler(2, 'Undefined variable $Supplier', 'C:\\laragon\\www\\cafe-ci4\\app\\Views\\layout\\editsupplier.php', 20)
 2 SYSTEMPATH\View\View.php(228): include('C:\\laragon\\www\\cafe-ci4\\app\\Views\\layout\\editsupplier.php')
 3 SYSTEMPATH\View\View.php(231): CodeIgniter\View\View->CodeIgniter\View\{closure}()
 4 SYSTEMPATH\Common.php(1190): CodeIgniter\View\View->render('layout/editsupplier', [], true)
 5 APPPATH\Controllers\Supplier.php(72): view('layout/editsupplier', [...])
 6 SYSTEMPATH\CodeIgniter.php(942): App\Controllers\Supplier->edit('S1')
 7 SYSTEMPATH\CodeIgniter.php(502): CodeIgniter\CodeIgniter->runController(Object(App\Controllers\Supplier))
 8 SYSTEMPATH\CodeIgniter.php(361): CodeIgniter\CodeIgniter->handleRequest(null, Object(Config\Cache), false)
 9 FCPATH\index.php(79): CodeIgniter\CodeIgniter->run()
CRITICAL - 2023-12-17 10:38:22 --> Undefined variable $Supplier
in APPPATH\Views\layout\editsupplier.php on line 25.
 1 APPPATH\Views\layout\editsupplier.php(25): CodeIgniter\Debug\Exceptions->errorHandler(2, 'Undefined variable $Supplier', 'C:\\laragon\\www\\cafe-ci4\\app\\Views\\layout\\editsupplier.php', 25)
 2 SYSTEMPATH\View\View.php(228): include('C:\\laragon\\www\\cafe-ci4\\app\\Views\\layout\\editsupplier.php')
 3 SYSTEMPATH\View\View.php(231): CodeIgniter\View\View->CodeIgniter\View\{closure}()
 4 SYSTEMPATH\Common.php(1190): CodeIgniter\View\View->render('layout/editsupplier', [], true)
 5 APPPATH\Controllers\Supplier.php(72): view('layout/editsupplier', [...])
 6 SYSTEMPATH\CodeIgniter.php(942): App\Controllers\Supplier->edit('S1')
 7 SYSTEMPATH\CodeIgniter.php(502): CodeIgniter\CodeIgniter->runController(Object(App\Controllers\Supplier))
 8 SYSTEMPATH\CodeIgniter.php(361): CodeIgniter\CodeIgniter->handleRequest(null, Object(Config\Cache), false)
 9 FCPATH\index.php(79): CodeIgniter\CodeIgniter->run()
CRITICAL - 2023-12-17 10:39:11 --> Undefined variable $Supplier
in APPPATH\Views\layout\editsupplier.php on line 30.
 1 APPPATH\Views\layout\editsupplier.php(30): CodeIgniter\Debug\Exceptions->errorHandler(2, 'Undefined variable $Supplier', 'C:\\laragon\\www\\cafe-ci4\\app\\Views\\layout\\editsupplier.php', 30)
 2 SYSTEMPATH\View\View.php(228): include('C:\\laragon\\www\\cafe-ci4\\app\\Views\\layout\\editsupplier.php')
 3 SYSTEMPATH\View\View.php(231): CodeIgniter\View\View->CodeIgniter\View\{closure}()
 4 SYSTEMPATH\Common.php(1190): CodeIgniter\View\View->render('layout/editsupplier', [], true)
 5 APPPATH\Controllers\Supplier.php(72): view('layout/editsupplier', [...])
 6 SYSTEMPATH\CodeIgniter.php(942): App\Controllers\Supplier->edit('S1')
 7 SYSTEMPATH\CodeIgniter.php(502): CodeIgniter\CodeIgniter->runController(Object(App\Controllers\Supplier))
 8 SYSTEMPATH\CodeIgniter.php(361): CodeIgniter\CodeIgniter->handleRequest(null, Object(Config\Cache), false)
 9 FCPATH\index.php(79): CodeIgniter\CodeIgniter->run()
CRITICAL - 2023-12-17 10:40:12 --> Too few arguments to function App\Controllers\Supplier::edit(), 0 passed in C:\laragon\www\cafe-ci4\system\CodeIgniter.php on line 942 and exactly 1 expected
in APPPATH\Controllers\Supplier.php on line 56.
 1 SYSTEMPATH\CodeIgniter.php(942): App\Controllers\Supplier->edit()
 2 SYSTEMPATH\CodeIgniter.php(502): CodeIgniter\CodeIgniter->runController(Object(App\Controllers\Supplier))
 3 SYSTEMPATH\CodeIgniter.php(361): CodeIgniter\CodeIgniter->handleRequest(null, Object(Config\Cache), false)
 4 FCPATH\index.php(79): CodeIgniter\CodeIgniter->run()
CRITICAL - 2023-12-17 10:41:20 --> Too few arguments to function App\Controllers\Supplier::edit(), 0 passed in C:\laragon\www\cafe-ci4\system\CodeIgniter.php on line 942 and exactly 1 expected
in APPPATH\Controllers\Supplier.php on line 56.
 1 SYSTEMPATH\CodeIgniter.php(942): App\Controllers\Supplier->edit()
 2 SYSTEMPATH\CodeIgniter.php(502): CodeIgniter\CodeIgniter->runController(Object(App\Controllers\Supplier))
 3 SYSTEMPATH\CodeIgniter.php(361): CodeIgniter\CodeIgniter->handleRequest(null, Object(Config\Cache), false)
 4 FCPATH\index.php(79): CodeIgniter\CodeIgniter->run()
CRITICAL - 2023-12-17 10:42:16 --> Too few arguments to function App\Controllers\Supplier::edit(), 0 passed in C:\laragon\www\cafe-ci4\system\CodeIgniter.php on line 942 and exactly 1 expected
in APPPATH\Controllers\Supplier.php on line 56.
 1 SYSTEMPATH\CodeIgniter.php(942): App\Controllers\Supplier->edit()
 2 SYSTEMPATH\CodeIgniter.php(502): CodeIgniter\CodeIgniter->runController(Object(App\Controllers\Supplier))
 3 SYSTEMPATH\CodeIgniter.php(361): CodeIgniter\CodeIgniter->handleRequest(null, Object(Config\Cache), false)
 4 FCPATH\index.php(79): CodeIgniter\CodeIgniter->run()
INFO - 2023-12-17 10:46:57 --> Session: Class initialized using 'CodeIgniter\Session\Handlers\FileHandler' driver.
CRITICAL - 2023-12-17 10:47:06 --> Too few arguments to function App\Controllers\Barang::edit(), 0 passed in C:\laragon\www\cafe-ci4\system\CodeIgniter.php on line 942 and exactly 1 expected
in APPPATH\Controllers\Barang.php on line 55.
 1 SYSTEMPATH\CodeIgniter.php(942): App\Controllers\Barang->edit()
 2 SYSTEMPATH\CodeIgniter.php(502): CodeIgniter\CodeIgniter->runController(Object(App\Controllers\Barang))
 3 SYSTEMPATH\CodeIgniter.php(361): CodeIgniter\CodeIgniter->handleRequest(null, Object(Config\Cache), false)
 4 FCPATH\index.php(79): CodeIgniter\CodeIgniter->run()
INFO - 2023-12-17 10:47:22 --> Session: Class initialized using 'CodeIgniter\Session\Handlers\FileHandler' driver.
CRITICAL - 2023-12-17 10:48:59 --> Updates are not allowed unless they contain a "where" or "like" clause.
in SYSTEMPATH\Model.php on line 380.
 1 SYSTEMPATH\BaseModel.php(949): CodeIgniter\Model->doUpdate(null, [...])
 2 SYSTEMPATH\Model.php(776): CodeIgniter\BaseModel->update(null, [...])
 3 APPPATH\Controllers\Barang.php(79): CodeIgniter\Model->update(null, [...])
 4 SYSTEMPATH\CodeIgniter.php(942): App\Controllers\Barang->update()
 5 SYSTEMPATH\CodeIgniter.php(502): CodeIgniter\CodeIgniter->runController(Object(App\Controllers\Barang))
 6 SYSTEMPATH\CodeIgniter.php(361): CodeIgniter\CodeIgniter->handleRequest(null, Object(Config\Cache), false)
 7 FCPATH\index.php(79): CodeIgniter\CodeIgniter->run()
INFO - 2023-12-17 10:50:03 --> Session: Class initialized using 'CodeIgniter\Session\Handlers\FileHandler' driver.
INFO - 2023-12-17 10:50:03 --> Session: Class initialized using 'CodeIgniter\Session\Handlers\FileHandler' driver.
INFO - 2023-12-17 10:50:45 --> Session: Class initialized using 'CodeIgniter\Session\Handlers\FileHandler' driver.
INFO - 2023-12-17 10:50:59 --> Session: Class initialized using 'CodeIgniter\Session\Handlers\FileHandler' driver.
INFO - 2023-12-17 10:50:59 --> Session: Class initialized using 'CodeIgniter\Session\Handlers\FileHandler' driver.
CRITICAL - 2023-12-17 10:51:29 --> Updates are not allowed unless they contain a "where" or "like" clause.
in SYSTEMPATH\Model.php on line 380.
 1 SYSTEMPATH\BaseModel.php(949): CodeIgniter\Model->doUpdate(null, [...])
 2 SYSTEMPATH\Model.php(776): CodeIgniter\BaseModel->update(null, [...])
 3 APPPATH\Controllers\Barang.php(79): CodeIgniter\Model->update(null, [...])
 4 SYSTEMPATH\CodeIgniter.php(942): App\Controllers\Barang->update()
 5 SYSTEMPATH\CodeIgniter.php(502): CodeIgniter\CodeIgniter->runController(Object(App\Controllers\Barang))
 6 SYSTEMPATH\CodeIgniter.php(361): CodeIgniter\CodeIgniter->handleRequest(null, Object(Config\Cache), false)
 7 FCPATH\index.php(79): CodeIgniter\CodeIgniter->run()
INFO - 2023-12-17 10:52:49 --> Session: Class initialized using 'CodeIgniter\Session\Handlers\FileHandler' driver.
INFO - 2023-12-17 10:52:49 --> Session: Class initialized using 'CodeIgniter\Session\Handlers\FileHandler' driver.
INFO - 2023-12-17 10:52:59 --> Session: Class initialized using 'CodeIgniter\Session\Handlers\FileHandler' driver.
INFO - 2023-12-17 10:53:00 --> Session: Class initialized using 'CodeIgniter\Session\Handlers\FileHandler' driver.
CRITICAL - 2023-12-17 10:55:10 --> syntax error, unexpected single-quoted string "harga", expecting "]"
in APPPATH\Controllers\Barang.php on line 80.
 1 SYSTEMPATH\Router\Router.php(514): CodeIgniter\Router\AutoRouter->getRoute('Barang', 'get')
 2 SYSTEMPATH\Router\Router.php(210): CodeIgniter\Router\Router->autoRoute('Barang')
 3 SYSTEMPATH\CodeIgniter.php(823): CodeIgniter\Router\Router->handle('Barang')
 4 SYSTEMPATH\CodeIgniter.php(450): CodeIgniter\CodeIgniter->tryToRouteIt(Object(CodeIgniter\Router\RouteCollection))
 5 SYSTEMPATH\CodeIgniter.php(361): CodeIgniter\CodeIgniter->handleRequest(null, Object(Config\Cache), false)
 6 FCPATH\index.php(79): CodeIgniter\CodeIgniter->run()
INFO - 2023-12-17 10:55:26 --> Session: Class initialized using 'CodeIgniter\Session\Handlers\FileHandler' driver.
INFO - 2023-12-17 10:55:35 --> Session: Class initialized using 'CodeIgniter\Session\Handlers\FileHandler' driver.
INFO - 2023-12-17 10:55:35 --> Session: Class initialized using 'CodeIgniter\Session\Handlers\FileHandler' driver.
INFO - 2023-12-17 10:56:06 --> Session: Class initialized using 'CodeIgniter\Session\Handlers\FileHandler' driver.
CRITICAL - 2023-12-17 10:56:19 --> Too few arguments to function App\Controllers\Supplier::edit(), 0 passed in C:\laragon\www\cafe-ci4\system\CodeIgniter.php on line 942 and exactly 1 expected
in APPPATH\Controllers\Supplier.php on line 56.
 1 SYSTEMPATH\CodeIgniter.php(942): App\Controllers\Supplier->edit()
 2 SYSTEMPATH\CodeIgniter.php(502): CodeIgniter\CodeIgniter->runController(Object(App\Controllers\Supplier))
 3 SYSTEMPATH\CodeIgniter.php(361): CodeIgniter\CodeIgniter->handleRequest(null, Object(Config\Cache), false)
 4 FCPATH\index.php(79): CodeIgniter\CodeIgniter->run()
CRITICAL - 2023-12-17 10:58:03 --> Cannot redeclare App\Controllers\Supplier::edit()
in APPPATH\Controllers\Supplier.php on line 71.
 1 [internal function]: CodeIgniter\Debug\Exceptions->shutdownHandler()
INFO - 2023-12-17 11:00:03 --> Session: Class initialized using 'CodeIgniter\Session\Handlers\FileHandler' driver.
INFO - 2023-12-17 11:00:05 --> Session: Class initialized using 'CodeIgniter\Session\Handlers\FileHandler' driver.
INFO - 2023-12-17 11:00:07 --> Session: Class initialized using 'CodeIgniter\Session\Handlers\FileHandler' driver.
CRITICAL - 2023-12-17 11:00:21 --> Too few arguments to function App\Controllers\Supplier::edit(), 0 passed in C:\laragon\www\cafe-ci4\system\CodeIgniter.php on line 942 and exactly 1 expected
in APPPATH\Controllers\Supplier.php on line 56.
 1 SYSTEMPATH\CodeIgniter.php(942): App\Controllers\Supplier->edit()
 2 SYSTEMPATH\CodeIgniter.php(502): CodeIgniter\CodeIgniter->runController(Object(App\Controllers\Supplier))
 3 SYSTEMPATH\CodeIgniter.php(361): CodeIgniter\CodeIgniter->handleRequest(null, Object(Config\Cache), false)
 4 FCPATH\index.php(79): CodeIgniter\CodeIgniter->run()
INFO - 2023-12-17 11:00:53 --> Session: Class initialized using 'CodeIgniter\Session\Handlers\FileHandler' driver.
INFO - 2023-12-17 11:00:53 --> Session: Class initialized using 'CodeIgniter\Session\Handlers\FileHandler' driver.
INFO - 2023-12-17 11:02:33 --> Session: Class initialized using 'CodeIgniter\Session\Handlers\FileHandler' driver.
INFO - 2023-12-17 11:02:47 --> Session: Class initialized using 'CodeIgniter\Session\Handlers\FileHandler' driver.
INFO - 2023-12-17 11:02:48 --> Session: Class initialized using 'CodeIgniter\Session\Handlers\FileHandler' driver.
INFO - 2023-12-17 11:03:51 --> Session: Class initialized using 'CodeIgniter\Session\Handlers\FileHandler' driver.
INFO - 2023-12-17 11:03:51 --> Session: Class initialized using 'CodeIgniter\Session\Handlers\FileHandler' driver.
INFO - 2023-12-17 11:04:59 --> Session: Class initialized using 'CodeIgniter\Session\Handlers\FileHandler' driver.
INFO - 2023-12-17 11:05:01 --> Session: Class initialized using 'CodeIgniter\Session\Handlers\FileHandler' driver.
INFO - 2023-12-17 11:05:08 --> Session: Class initialized using 'CodeIgniter\Session\Handlers\FileHandler' driver.
INFO - 2023-12-17 11:05:08 --> Session: Class initialized using 'CodeIgniter\Session\Handlers\FileHandler' driver.
INFO - 2023-12-17 11:05:18 --> Session: Class initialized using 'CodeIgniter\Session\Handlers\FileHandler' driver.
INFO - 2023-12-17 11:05:18 --> Session: Class initialized using 'CodeIgniter\Session\Handlers\FileHandler' driver.
INFO - 2023-12-17 11:07:52 --> Session: Class initialized using 'CodeIgniter\Session\Handlers\FileHandler' driver.
INFO - 2023-12-17 11:08:00 --> Session: Class initialized using 'CodeIgniter\Session\Handlers\FileHandler' driver.
INFO - 2023-12-17 11:08:10 --> Session: Class initialized using 'CodeIgniter\Session\Handlers\FileHandler' driver.
INFO - 2023-12-17 11:08:10 --> Session: Class initialized using 'CodeIgniter\Session\Handlers\FileHandler' driver.
INFO - 2023-12-17 11:11:05 --> Session: Class initialized using 'CodeIgniter\Session\Handlers\FileHandler' driver.
INFO - 2023-12-17 11:11:07 --> Session: Class initialized using 'CodeIgniter\Session\Handlers\FileHandler' driver.
INFO - 2023-12-17 11:11:15 --> Session: Class initialized using 'CodeIgniter\Session\Handlers\FileHandler' driver.
INFO - 2023-12-17 11:11:16 --> Session: Class initialized using 'CodeIgniter\Session\Handlers\FileHandler' driver.
CRITICAL - 2023-12-17 12:34:44 --> Class "App\Models\KategoriModel" not found
in APPPATH\Controllers\Kategori.php on line 14.
 1 SYSTEMPATH\CodeIgniter.php(914): App\Controllers\Kategori->__construct()
 2 SYSTEMPATH\CodeIgniter.php(493): CodeIgniter\CodeIgniter->createController()
 3 SYSTEMPATH\CodeIgniter.php(361): CodeIgniter\CodeIgniter->handleRequest(null, Object(Config\Cache), false)
 4 FCPATH\index.php(79): CodeIgniter\CodeIgniter->run()
INFO - 2023-12-17 12:35:40 --> Session: Class initialized using 'CodeIgniter\Session\Handlers\FileHandler' driver.
CRITICAL - 2023-12-17 12:35:40 --> Undefined variable $supplier
in APPPATH\Views\layout\supplier.php on line 31.
 1 APPPATH\Views\layout\supplier.php(31): CodeIgniter\Debug\Exceptions->errorHandler(2, 'Undefined variable $supplier', 'C:\\xampp\\htdocs\\cafe-ci4\\app\\Views\\layout\\supplier.php', 31)
 2 SYSTEMPATH\View\View.php(228): include('C:\\xampp\\htdocs\\cafe-ci4\\app\\Views\\layout\\supplier.php')
 3 SYSTEMPATH\View\View.php(231): CodeIgniter\View\View->CodeIgniter\View\{closure}()
 4 SYSTEMPATH\Common.php(1190): CodeIgniter\View\View->render('layout/supplier', [], true)
 5 APPPATH\Controllers\Kategori.php(27): view('layout/supplier', [...])
 6 SYSTEMPATH\CodeIgniter.php(942): App\Controllers\Kategori->index()
 7 SYSTEMPATH\CodeIgniter.php(502): CodeIgniter\CodeIgniter->runController(Object(App\Controllers\Kategori))
 8 SYSTEMPATH\CodeIgniter.php(361): CodeIgniter\CodeIgniter->handleRequest(null, Object(Config\Cache), false)
 9 FCPATH\index.php(79): CodeIgniter\CodeIgniter->run()
INFO - 2023-12-17 12:36:17 --> Session: Class initialized using 'CodeIgniter\Session\Handlers\FileHandler' driver.
